{"/app/src/utils/crypto.ts": {"path":"/app/src/utils/crypto.ts","statementMap":{"0":{"start":{"line":22,"column":0},"end":{"line":22,"column":16}},"1":{"start":{"line":33,"column":0},"end":{"line":33,"column":16}},"2":{"start":{"line":38,"column":0},"end":{"line":38,"column":16}},"3":{"start":{"line":1,"column":0},"end":{"line":1,"column":41}},"4":{"start":{"line":2,"column":0},"end":{"line":2,"column":35}},"5":{"start":{"line":3,"column":0},"end":{"line":3,"column":38}},"6":{"start":{"line":6,"column":15},"end":{"line":6,"column":33}},"7":{"start":{"line":9,"column":26},"end":{"line":14,"column":2}},"8":{"start":{"line":23,"column":18},"end":{"line":23,"column":37}},"9":{"start":{"line":24,"column":22},"end":{"line":24,"column":75}},"10":{"start":{"line":26,"column":2},"end":{"line":30,"column":4}},"11":{"start":{"line":34,"column":2},"end":{"line":34,"column":40}},"12":{"start":{"line":39,"column":2},"end":{"line":39,"column":120}}},"fnMap":{"0":{"name":"generateRandomKey","decl":{"start":{"line":22,"column":16},"end":{"line":22,"column":33}},"loc":{"start":{"line":22,"column":33},"end":{"line":31,"column":1}}},"1":{"name":"isSatoshi","decl":{"start":{"line":33,"column":16},"end":{"line":33,"column":25}},"loc":{"start":{"line":33,"column":41},"end":{"line":35,"column":1}}},"2":{"name":"getProbabilityOfFindingSatoshi","decl":{"start":{"line":38,"column":16},"end":{"line":38,"column":46}},"loc":{"start":{"line":38,"column":46},"end":{"line":40,"column":1}}}},"branchMap":{},"s":{"0":1,"1":1,"2":1,"3":1,"4":1,"5":1,"6":1,"7":1,"8":6,"9":6,"10":6,"11":0,"12":0},"f":{"0":6,"1":0,"2":0},"b":{}}
}
